# JRE version: Java(TM) SE Runtime Environment (8.0_102-b14) (build 1.8.0_102-b14)
# Java VM: Java HotSpot(TM) 64-Bit Server VM (25.102-b14 mixed mode windows-amd64 compressed oops)
Heap:
 PSYoungGen      total 395264K, used 200161K [0x00000000d5e00000, 0x00000000fb200000, 0x0000000100000000)
  eden space 202752K, 26% used [0x00000000d5e00000,0x00000000d91f4690,0x00000000e2400000)
  from space 192512K, 76% used [0x00000000e2400000,0x00000000eb384080,0x00000000ee000000)
  to   space 197120K, 0% used [0x00000000ef180000,0x00000000ef180000,0x00000000fb200000)
 ParOldGen       total 682496K, used 615425K [0x0000000081a00000, 0x00000000ab480000, 0x00000000d5e00000)
  object space 682496K, 90% used [0x0000000081a00000,0x00000000a73007b0,0x00000000ab480000)
 Metaspace       used 7124K, capacity 7235K, committed 7424K, reserved 1056768K
  class space    used 639K, capacity 656K, committed 768K, reserved 1048576K
GC Heap History (10 events):
Event: 1121.886 GC heap before
{Heap before GC invocations=337 (full 11):
 PSYoungGen      total 357376K, used 327761K [0x00000000d5e00000, 0x00000000f7f80000, 0x0000000100000000)
  eden space 186880K, 100% used [0x00000000d5e00000,0x00000000e1480000,0x00000000e1480000)
  from space 170496K, 82% used [0x00000000e1480000,0x00000000e9e146e0,0x00000000ebb00000)
  to   space 178688K, 0% used [0x00000000ed100000,0x00000000ed100000,0x00000000f7f80000)
 ParOldGen       total 595456K, used 573298K [0x0000000081a00000, 0x00000000a5f80000, 0x00000000d5e00000)
  object space 595456K, 96% used [0x0000000081a00000,0x00000000a49dc9e8,0x00000000a5f80000)
 Metaspace       used 7109K, capacity 7235K, committed 7424K, reserved 1056768K
  class space    used 639K, capacity 656K, committed 768K, reserved 1048576K
Event: 1121.966 GC heap after
Heap after GC invocations=337 (full 11):
 PSYoungGen      total 371712K, used 144977K [0x00000000d5e00000, 0x00000000f8f80000, 0x0000000100000000)
  eden space 193024K, 0% used [0x00000000d5e00000,0x00000000d5e00000,0x00000000e1a80000)
  from space 178688K, 81% used [0x00000000ed100000,0x00000000f5e946e0,0x00000000f7f80000)
  to   space 186880K, 0% used [0x00000000e1a80000,0x00000000e1a80000,0x00000000ed100000)
 ParOldGen       total 595456K, used 580914K [0x0000000081a00000, 0x00000000a5f80000, 0x00000000d5e00000)
  object space 595456K, 97% used [0x0000000081a00000,0x00000000a514c9e8,0x00000000a5f80000)
 Metaspace       used 7109K, capacity 7235K, committed 7424K, reserved 1056768K
  class space    used 639K, capacity 656K, committed 768K, reserved 1048576K
}
Event: 1121.967 GC heap before
{Heap before GC invocations=338 (full 12):
 PSYoungGen      total 371712K, used 144977K [0x00000000d5e00000, 0x00000000f8f80000, 0x0000000100000000)
  eden space 193024K, 0% used [0x00000000d5e00000,0x00000000d5e00000,0x00000000e1a80000)
  from space 178688K, 81% used [0x00000000ed100000,0x00000000f5e946e0,0x00000000f7f80000)
  to   space 186880K, 0% used [0x00000000e1a80000,0x00000000e1a80000,0x00000000ed100000)
 ParOldGen       total 595456K, used 580914K [0x0000000081a00000, 0x00000000a5f80000, 0x00000000d5e00000)
  object space 595456K, 97% used [0x0000000081a00000,0x00000000a514c9e8,0x00000000a5f80000)
 Metaspace       used 7109K, capacity 7235K, committed 7424K, reserved 1056768K
  class space    used 639K, capacity 656K, committed 768K, reserved 1048576K
Event: 1124.975 GC heap after
Heap after GC invocations=338 (full 12):
 PSYoungGen      total 371712K, used 127420K [0x00000000d5e00000, 0x00000000f8f80000, 0x0000000100000000)
  eden space 193024K, 0% used [0x00000000d5e00000,0x00000000d5e00000,0x00000000e1a80000)
  from space 178688K, 71% used [0x00000000ed100000,0x00000000f4d6f288,0x00000000f7f80000)
  to   space 186880K, 0% used [0x00000000e1a80000,0x00000000e1a80000,0x00000000ed100000)
 ParOldGen       total 682496K, used 595041K [0x0000000081a00000, 0x00000000ab480000, 0x00000000d5e00000)
  object space 682496K, 87% used [0x0000000081a00000,0x00000000a5f187b0,0x00000000ab480000)
 Metaspace       used 7109K, capacity 7235K, committed 7424K, reserved 1056768K
  class space    used 639K, capacity 656K, committed 768K, reserved 1048576K
}
Event: 1143.286 GC heap before
{Heap before GC invocations=339 (full 12):
 PSYoungGen      total 371712K, used 320444K [0x00000000d5e00000, 0x00000000f8f80000, 0x0000000100000000)
  eden space 193024K, 100% used [0x00000000d5e00000,0x00000000e1a80000,0x00000000e1a80000)
  from space 178688K, 71% used [0x00000000ed100000,0x00000000f4d6f288,0x00000000f7f80000)
  to   space 186880K, 0% used [0x00000000e1a80000,0x00000000e1a80000,0x00000000ed100000)
 ParOldGen       total 682496K, used 595041K [0x0000000081a00000, 0x00000000ab480000, 0x00000000d5e00000)
  object space 682496K, 87% used [0x0000000081a00000,0x00000000a5f187b0,0x00000000ab480000)
 Metaspace       used 7122K, capacity 7235K, committed 7424K, reserved 1056768K
  class space    used 639K, capacity 656K, committed 768K, reserved 1048576K
Event: 1143.405 GC heap after
Heap after GC invocations=339 (full 12):
 PSYoungGen      total 379904K, used 133966K [0x00000000d5e00000, 0x00000000f9880000, 0x0000000100000000)
  eden space 193024K, 0% used [0x00000000d5e00000,0x00000000d5e00000,0x00000000e1a80000)
  from space 186880K, 71% used [0x00000000e1a80000,0x00000000e9d53890,0x00000000ed100000)
  to   space 188928K, 0% used [0x00000000ee000000,0x00000000ee000000,0x00000000f9880000)
 ParOldGen       total 682496K, used 602137K [0x0000000081a00000, 0x00000000ab480000, 0x00000000d5e00000)
  object space 682496K, 88% used [0x0000000081a00000,0x00000000a66067b0,0x00000000ab480000)
 Metaspace       used 7122K, capacity 7235K, committed 7424K, reserved 1056768K
  class space    used 639K, capacity 656K, committed 768K, reserved 1048576K
}
Event: 1161.556 GC heap before
{Heap before GC invocations=340 (full 12):
 PSYoungGen      total 379904K, used 326990K [0x00000000d5e00000, 0x00000000f9880000, 0x0000000100000000)
  eden space 193024K, 100% used [0x00000000d5e00000,0x00000000e1a80000,0x00000000e1a80000)
  from space 186880K, 71% used [0x00000000e1a80000,0x00000000e9d53890,0x00000000ed100000)
  to   space 188928K, 0% used [0x00000000ee000000,0x00000000ee000000,0x00000000f9880000)
 ParOldGen       total 682496K, used 602137K [0x0000000081a00000, 0x00000000ab480000, 0x00000000d5e00000)
  object space 682496K, 88% used [0x0000000081a00000,0x00000000a66067b0,0x00000000ab480000)
 Metaspace       used 7124K, capacity 7235K, committed 7424K, reserved 1056768K
  class space    used 639K, capacity 656K, committed 768K, reserved 1048576K
Event: 1161.619 GC heap after
Heap after GC invocations=340 (full 12):
 PSYoungGen      total 391680K, used 141008K [0x00000000d5e00000, 0x00000000f9f00000, 0x0000000100000000)
  eden space 202752K, 0% used [0x00000000d5e00000,0x00000000d5e00000,0x00000000e2400000)
  from space 188928K, 74% used [0x00000000ee000000,0x00000000f69b4080,0x00000000f9880000)
  to   space 192512K, 0% used [0x00000000e2400000,0x00000000e2400000,0x00000000ee000000)
 ParOldGen       total 682496K, used 608729K [0x0000000081a00000, 0x00000000ab480000, 0x00000000d5e00000)
  object space 682496K, 89% used [0x0000000081a00000,0x00000000a6c767b0,0x00000000ab480000)
 Metaspace       used 7124K, capacity 7235K, committed 7424K, reserved 1056768K
  class space    used 639K, capacity 656K, committed 768K, reserved 1048576K
}
Event: 1181.055 GC heap before
{Heap before GC invocations=341 (full 12):
 PSYoungGen      total 391680K, used 343760K [0x00000000d5e00000, 0x00000000f9f00000, 0x0000000100000000)
  eden space 202752K, 100% used [0x00000000d5e00000,0x00000000e2400000,0x00000000e2400000)
  from space 188928K, 74% used [0x00000000ee000000,0x00000000f69b4080,0x00000000f9880000)
  to   space 192512K, 0% used [0x00000000e2400000,0x00000000e2400000,0x00000000ee000000)
 ParOldGen       total 682496K, used 608729K [0x0000000081a00000, 0x00000000ab480000, 0x00000000d5e00000)
  object space 682496K, 89% used [0x0000000081a00000,0x00000000a6c767b0,0x00000000ab480000)
 Metaspace       used 7124K, capacity 7235K, committed 7424K, reserved 1056768K
  class space    used 639K, capacity 656K, committed 768K, reserved 1048576K
Event: 1181.128 GC heap after
Heap after GC invocations=341 (full 12):
 PSYoungGen      total 395264K, used 146960K [0x00000000d5e00000, 0x00000000fb200000, 0x0000000100000000)
  eden space 202752K, 0% used [0x00000000d5e00000,0x00000000d5e00000,0x00000000e2400000)
  from space 192512K, 76% used [0x00000000e2400000,0x00000000eb384080,0x00000000ee000000)
  to   space 197120K, 0% used [0x00000000ef180000,0x00000000ef180000,0x00000000fb200000)
 ParOldGen       total 682496K, used 615425K [0x0000000081a00000, 0x00000000ab480000, 0x00000000d5e00000)
  object space 682496K, 90% used [0x0000000081a00000,0x00000000a73007b0,0x00000000ab480000)
 Metaspace       used 7124K, capacity 7235K, committed 7424K, reserved 1056768K
  class space    used 639K, capacity 656K, committed 768K, reserved 1048576K
}

